{"level":"info","message":"🚀 Server running on port 5001","timestamp":"2025-02-23 22:58:49"}
{"defaultMeta":{"category":"Audit"},"level":"info","message":"User registered with PENDING_VERIFICATION status: canadamcore@gmail.com","timestamp":"2025-02-23 22:59:18"}
{"level":"info","message":"✅ Email sent to canadamcore@gmail.com: <f282e98b-b8a9-1a85-9f37-a399760e0445@gmail.com>","timestamp":"2025-02-23 22:59:21"}
{"defaultMeta":{"category":"Auth"},"level":"info","message":"✅ User registered successfully & verification email sent: canadamcore@gmail.com","timestamp":"2025-02-23 22:59:21"}
{"level":"info","message":"::1 - - [23/Feb/2025:17:29:21 +0000] \"POST /api/auth/register HTTP/1.1\" 201 149 \"-\" \"PostmanRuntime/7.43.0\"","timestamp":"2025-02-23 22:59:21"}
{"defaultMeta":{"category":"Auth"},"level":"info","message":"🔍 Verifying email with token: 2b857bc2-f99e-426a-9d52-4b822c3e26da","timestamp":"2025-02-23 22:59:49"}
{"defaultMeta":{"category":"Auth"},"level":"info","message":"✅ Email verified successfully for canadamcore@gmail.com","timestamp":"2025-02-23 22:59:49"}
{"level":"info","message":"::1 - - [23/Feb/2025:17:29:49 +0000] \"GET /api/auth/verify-email?token=2b857bc2-f99e-426a-9d52-4b822c3e26da HTTP/1.1\" 200 79 \"-\" \"PostmanRuntime/7.43.0\"","timestamp":"2025-02-23 22:59:49"}
{"defaultMeta":{"category":"Auth"},"level":"info","message":"✅ User 03fd5976-7c4d-4ee5-b519-dbfd9c37d781 logged in successfully.","timestamp":"2025-02-23 22:59:53"}
{"level":"info","message":"::1 - - [23/Feb/2025:17:29:53 +0000] \"POST /api/auth/login HTTP/1.1\" 200 297 \"-\" \"PostmanRuntime/7.43.0\"","timestamp":"2025-02-23 22:59:53"}
{"defaultMeta":{"category":"Auth"},"level":"info","message":"✅ User 03fd5976-7c4d-4ee5-b519-dbfd9c37d781 logged in successfully.","timestamp":"2025-02-23 22:59:59"}
{"level":"info","message":"::1 - - [23/Feb/2025:17:29:59 +0000] \"POST /api/auth/login HTTP/1.1\" 200 297 \"-\" \"PostmanRuntime/7.43.0\"","timestamp":"2025-02-23 22:59:59"}
{"defaultMeta":{"category":"Auth"},"level":"info","message":"✅ New access & refresh tokens issued for User ID: 03fd5976-7c4d-4ee5-b519-dbfd9c37d781","timestamp":"2025-02-23 23:00:06"}
{"level":"info","message":"::1 - - [23/Feb/2025:17:30:06 +0000] \"POST /api/auth/refresh-token HTTP/1.1\" 200 225 \"-\" \"PostmanRuntime/7.43.0\"","timestamp":"2025-02-23 23:00:06"}
{"defaultMeta":{"category":"Auth"},"level":"info","message":"🔍 Forgot Password attempt for email: canadamcore@gmail.com","timestamp":"2025-02-23 23:00:10"}
{"defaultMeta":{"category":"Auth"},"level":"info","message":"🔗 Generated reset link for canadamcore@gmail.com: http://localhost:5000/api/auth/reset-password?token=30bea84e-991e-4677-9d3f-e26b5ca9ea0e","timestamp":"2025-02-23 23:00:10"}
{"level":"info","message":"✅ Email sent to canadamcore@gmail.com: <b526277d-99f8-1b0b-c6c7-ef7373b29516@gmail.com>","timestamp":"2025-02-23 23:00:13"}
{"defaultMeta":{"category":"Auth"},"level":"info","message":"✅ Password reset link sent successfully to canadamcore@gmail.com","timestamp":"2025-02-23 23:00:13"}
{"level":"info","message":"::1 - - [23/Feb/2025:17:30:13 +0000] \"POST /api/auth/forgot-password HTTP/1.1\" 200 55 \"-\" \"PostmanRuntime/7.43.0\"","timestamp":"2025-02-23 23:00:13"}
{"defaultMeta":{"category":"Auth"},"level":"warn","message":"⚠️ Password reset attempt with the same password for canadamcore@gmail.com","timestamp":"2025-02-23 23:00:30"}
{"level":"info","message":"::1 - - [23/Feb/2025:17:30:30 +0000] \"POST /api/auth/reset-password HTTP/1.1\" 400 82 \"-\" \"PostmanRuntime/7.43.0\"","timestamp":"2025-02-23 23:00:30"}
{"defaultMeta":{"category":"Auth"},"level":"info","message":"✅ Password reset successful for canadamcore@gmail.com","timestamp":"2025-02-23 23:00:36"}
{"level":"info","message":"::1 - - [23/Feb/2025:17:30:36 +0000] \"POST /api/auth/reset-password HTTP/1.1\" 200 55 \"-\" \"PostmanRuntime/7.43.0\"","timestamp":"2025-02-23 23:00:36"}
{"defaultMeta":{"category":"Auth"},"level":"info","message":"✅ User 03fd5976-7c4d-4ee5-b519-dbfd9c37d781 logged out successfully.","timestamp":"2025-02-23 23:00:41"}
{"level":"info","message":"::1 - - [23/Feb/2025:17:30:41 +0000] \"POST /api/auth/logout HTTP/1.1\" 200 52 \"-\" \"PostmanRuntime/7.43.0\"","timestamp":"2025-02-23 23:00:41"}
{"level":"info","message":"🔻 Server shutting down...","timestamp":"2025-02-23 23:17:08"}
{"level":"info","message":"🚀 Server running on port 5001","timestamp":"2025-02-23 23:17:13"}
{"level":"info","message":"::1 - - [23/Feb/2025:17:47:28 +0000] \"GET /api-docs/ HTTP/1.1\" 200 3106 \"-\" \"Mozilla/5.0 (Windows NT 10.0; Win64; x64) AppleWebKit/537.36 (KHTML, like Gecko) Chrome/133.0.0.0 Safari/537.36\"","timestamp":"2025-02-23 23:17:28"}
{"level":"info","message":"::1 - - [23/Feb/2025:17:47:28 +0000] \"GET /api-docs/swagger-ui-init.js HTTP/1.1\" 200 11692 \"-\" \"Mozilla/5.0 (Windows NT 10.0; Win64; x64) AppleWebKit/537.36 (KHTML, like Gecko) Chrome/133.0.0.0 Safari/537.36\"","timestamp":"2025-02-23 23:17:28"}
{"level":"info","message":"::1 - - [23/Feb/2025:17:47:28 +0000] \"GET /api-docs/swagger-ui.css HTTP/1.1\" 200 152072 \"-\" \"Mozilla/5.0 (Windows NT 10.0; Win64; x64) AppleWebKit/537.36 (KHTML, like Gecko) Chrome/133.0.0.0 Safari/537.36\"","timestamp":"2025-02-23 23:17:28"}
{"level":"info","message":"::1 - - [23/Feb/2025:17:47:28 +0000] \"GET /api-docs/swagger-ui-standalone-preset.js HTTP/1.1\" 200 230007 \"-\" \"Mozilla/5.0 (Windows NT 10.0; Win64; x64) AppleWebKit/537.36 (KHTML, like Gecko) Chrome/133.0.0.0 Safari/537.36\"","timestamp":"2025-02-23 23:17:28"}
{"level":"info","message":"::1 - - [23/Feb/2025:17:47:28 +0000] \"GET /api-docs/swagger-ui-bundle.js HTTP/1.1\" 200 1457477 \"-\" \"Mozilla/5.0 (Windows NT 10.0; Win64; x64) AppleWebKit/537.36 (KHTML, like Gecko) Chrome/133.0.0.0 Safari/537.36\"","timestamp":"2025-02-23 23:17:28"}
{"defaultMeta":{"category":"Auth"},"level":"warn","message":"❌ Failed login: Incorrect password for canadamcore@gmail.com","timestamp":"2025-02-23 23:17:52"}
{"level":"info","message":"::1 - - [23/Feb/2025:17:47:52 +0000] \"POST /api/auth/login HTTP/1.1\" 401 49 \"-\" \"Mozilla/5.0 (Windows NT 10.0; Win64; x64) AppleWebKit/537.36 (KHTML, like Gecko) Chrome/133.0.0.0 Safari/537.36\"","timestamp":"2025-02-23 23:17:52"}
{"defaultMeta":{"category":"Auth"},"level":"warn","message":"❌ Failed login: Incorrect password for canadamcore@gmail.com","timestamp":"2025-02-23 23:18:00"}
{"level":"info","message":"::1 - - [23/Feb/2025:17:48:00 +0000] \"POST /api/auth/login HTTP/1.1\" 401 49 \"-\" \"PostmanRuntime/7.43.0\"","timestamp":"2025-02-23 23:18:00"}
{"defaultMeta":{"category":"Auth"},"level":"info","message":"✅ User 03fd5976-7c4d-4ee5-b519-dbfd9c37d781 logged in successfully.","timestamp":"2025-02-23 23:18:29"}
{"level":"info","message":"::1 - - [23/Feb/2025:17:48:29 +0000] \"POST /api/auth/login HTTP/1.1\" 200 297 \"-\" \"Mozilla/5.0 (Windows NT 10.0; Win64; x64) AppleWebKit/537.36 (KHTML, like Gecko) Chrome/133.0.0.0 Safari/537.36\"","timestamp":"2025-02-23 23:18:29"}
